<testsuite failures="0" name="feature/Spellcheck.feature" skipped="0" tests="16" time="1.480306">
  <testcase classname="feature.Spellcheck" name="Spellcheck should fix Londno for London" time="0.085086">
    <system-out>* url domain .............................................................. passed
* path url_path ........................................................... passed
Given params { l: en-GB, p: uk, q: 'Londno'} .............................. passed
When method get ........................................................... passed
Then status 200 ........................................................... passed
And match $.result[0].cid == 17399 ........................................ passed</system-out>
  </testcase>
  <testcase classname="feature.Spellcheck" name="Spellcheck should fix Londno for London" time="0.100661">
    <system-out>* url domain .............................................................. passed
* path url_path ........................................................... passed
Given params { l: en-GB, p: uk, q: 'Londno'} .............................. passed
When method get ........................................................... passed
Then status 200 ........................................................... passed
And match $.result[0].cid == 17399 ........................................ passed
* url domain .............................................................. passed
* path url_path ........................................................... passed
Given params { l: de, p: de, q: 'Londno'} ................................. passed
When method get ........................................................... passed
Then status 200 ........................................................... passed
And match $.result[0].cid == 17399 ........................................ passed</system-out>
  </testcase>
  <testcase classname="feature.Spellcheck" name="Spellcheck should fix Londno for London" time="0.100312">
    <system-out>* url domain .............................................................. passed
* path url_path ........................................................... passed
Given params { l: en-GB, p: uk, q: 'Londno'} .............................. passed
When method get ........................................................... passed
Then status 200 ........................................................... passed
And match $.result[0].cid == 17399 ........................................ passed
* url domain .............................................................. passed
* path url_path ........................................................... passed
Given params { l: de, p: de, q: 'Londno'} ................................. passed
When method get ........................................................... passed
Then status 200 ........................................................... passed
And match $.result[0].cid == 17399 ........................................ passed
* url domain .............................................................. passed
* path url_path ........................................................... passed
Given params { l: es, p: es, q: 'Londno'} ................................. passed
When method get ........................................................... passed
Then status 200 ........................................................... passed
And match $.result[0].cid == 17399 ........................................ passed</system-out>
  </testcase>
  <testcase classname="feature.Spellcheck" name="Spellcheck should fix Londno for London" time="0.104354">
    <system-out>* url domain .............................................................. passed
* path url_path ........................................................... passed
Given params { l: en-GB, p: uk, q: 'Londno'} .............................. passed
When method get ........................................................... passed
Then status 200 ........................................................... passed
And match $.result[0].cid == 17399 ........................................ passed
* url domain .............................................................. passed
* path url_path ........................................................... passed
Given params { l: de, p: de, q: 'Londno'} ................................. passed
When method get ........................................................... passed
Then status 200 ........................................................... passed
And match $.result[0].cid == 17399 ........................................ passed
* url domain .............................................................. passed
* path url_path ........................................................... passed
Given params { l: es, p: es, q: 'Londno'} ................................. passed
When method get ........................................................... passed
Then status 200 ........................................................... passed
And match $.result[0].cid == 17399 ........................................ passed
* url domain .............................................................. passed
* path url_path ........................................................... passed
Given params { l: fr, p: fr, q: 'Londno'} ................................. passed
When method get ........................................................... passed
Then status 200 ........................................................... passed
And match $.result[0].cid == 17399 ........................................ passed</system-out>
  </testcase>
  <testcase classname="feature.Spellcheck" name="Spellcheck should fix Londno for London" time="0.084257">
    <system-out>* url domain .............................................................. passed
* path url_path ........................................................... passed
Given params { l: en-GB, p: uk, q: 'Londno'} .............................. passed
When method get ........................................................... passed
Then status 200 ........................................................... passed
And match $.result[0].cid == 17399 ........................................ passed
* url domain .............................................................. passed
* path url_path ........................................................... passed
Given params { l: de, p: de, q: 'Londno'} ................................. passed
When method get ........................................................... passed
Then status 200 ........................................................... passed
And match $.result[0].cid == 17399 ........................................ passed
* url domain .............................................................. passed
* path url_path ........................................................... passed
Given params { l: es, p: es, q: 'Londno'} ................................. passed
When method get ........................................................... passed
Then status 200 ........................................................... passed
And match $.result[0].cid == 17399 ........................................ passed
* url domain .............................................................. passed
* path url_path ........................................................... passed
Given params { l: fr, p: fr, q: 'Londno'} ................................. passed
When method get ........................................................... passed
Then status 200 ........................................................... passed
And match $.result[0].cid == 17399 ........................................ passed
* url domain .............................................................. passed
* path url_path ........................................................... passed
Given params { l: pt, p: br, q: 'Londno'} ................................. passed
When method get ........................................................... passed
Then status 200 ........................................................... passed
And match $.result[0].cid == 17399 ........................................ passed</system-out>
  </testcase>
  <testcase classname="feature.Spellcheck" name="Spellcheck should not fix London" time="0.150102">
    <system-out>* url domain .............................................................. passed
* path url_path ........................................................... passed
Given params { l: en-GB, p: uk, q: 'Londno'} .............................. passed
When method get ........................................................... passed
Then status 200 ........................................................... passed
And match $.result[0].cid == 17399 ........................................ passed
* url domain .............................................................. passed
* path url_path ........................................................... passed
Given params { l: de, p: de, q: 'Londno'} ................................. passed
When method get ........................................................... passed
Then status 200 ........................................................... passed
And match $.result[0].cid == 17399 ........................................ passed
* url domain .............................................................. passed
* path url_path ........................................................... passed
Given params { l: es, p: es, q: 'Londno'} ................................. passed
When method get ........................................................... passed
Then status 200 ........................................................... passed
And match $.result[0].cid == 17399 ........................................ passed
* url domain .............................................................. passed
* path url_path ........................................................... passed
Given params { l: fr, p: fr, q: 'Londno'} ................................. passed
When method get ........................................................... passed
Then status 200 ........................................................... passed
And match $.result[0].cid == 17399 ........................................ passed
* url domain .............................................................. passed
* path url_path ........................................................... passed
Given params { l: pt, p: br, q: 'Londno'} ................................. passed
When method get ........................................................... passed
Then status 200 ........................................................... passed
And match $.result[0].cid == 17399 ........................................ passed
* url domain .............................................................. passed
* path url_path ........................................................... passed
Given params { l: en-GB, p: uk, q: London, n: 1} .......................... passed
When method get ........................................................... passed
Then status 200 ........................................................... passed
And match $.result[0].cid == 17399 ........................................ passed</system-out>
  </testcase>
  <testcase classname="feature.Spellcheck" name="Spellcheck should not fix London" time="0.092198">
    <system-out>* url domain .............................................................. passed
* path url_path ........................................................... passed
Given params { l: en-GB, p: uk, q: 'Londno'} .............................. passed
When method get ........................................................... passed
Then status 200 ........................................................... passed
And match $.result[0].cid == 17399 ........................................ passed
* url domain .............................................................. passed
* path url_path ........................................................... passed
Given params { l: de, p: de, q: 'Londno'} ................................. passed
When method get ........................................................... passed
Then status 200 ........................................................... passed
And match $.result[0].cid == 17399 ........................................ passed
* url domain .............................................................. passed
* path url_path ........................................................... passed
Given params { l: es, p: es, q: 'Londno'} ................................. passed
When method get ........................................................... passed
Then status 200 ........................................................... passed
And match $.result[0].cid == 17399 ........................................ passed
* url domain .............................................................. passed
* path url_path ........................................................... passed
Given params { l: fr, p: fr, q: 'Londno'} ................................. passed
When method get ........................................................... passed
Then status 200 ........................................................... passed
And match $.result[0].cid == 17399 ........................................ passed
* url domain .............................................................. passed
* path url_path ........................................................... passed
Given params { l: pt, p: br, q: 'Londno'} ................................. passed
When method get ........................................................... passed
Then status 200 ........................................................... passed
And match $.result[0].cid == 17399 ........................................ passed
* url domain .............................................................. passed
* path url_path ........................................................... passed
Given params { l: en-GB, p: uk, q: London, n: 1} .......................... passed
When method get ........................................................... passed
Then status 200 ........................................................... passed
And match $.result[0].cid == 17399 ........................................ passed
* url domain .............................................................. passed
* path url_path ........................................................... passed
Given params { l: de, p: de, q: London, n: 1} ............................. passed
When method get ........................................................... passed
Then status 200 ........................................................... passed
And match $.result[0].cid == 17399 ........................................ passed</system-out>
  </testcase>
  <testcase classname="feature.Spellcheck" name="Spellcheck should not fix London" time="0.072126">
    <system-out>* url domain .............................................................. passed
* path url_path ........................................................... passed
Given params { l: en-GB, p: uk, q: 'Londno'} .............................. passed
When method get ........................................................... passed
Then status 200 ........................................................... passed
And match $.result[0].cid == 17399 ........................................ passed
* url domain .............................................................. passed
* path url_path ........................................................... passed
Given params { l: de, p: de, q: 'Londno'} ................................. passed
When method get ........................................................... passed
Then status 200 ........................................................... passed
And match $.result[0].cid == 17399 ........................................ passed
* url domain .............................................................. passed
* path url_path ........................................................... passed
Given params { l: es, p: es, q: 'Londno'} ................................. passed
When method get ........................................................... passed
Then status 200 ........................................................... passed
And match $.result[0].cid == 17399 ........................................ passed
* url domain .............................................................. passed
* path url_path ........................................................... passed
Given params { l: fr, p: fr, q: 'Londno'} ................................. passed
When method get ........................................................... passed
Then status 200 ........................................................... passed
And match $.result[0].cid == 17399 ........................................ passed
* url domain .............................................................. passed
* path url_path ........................................................... passed
Given params { l: pt, p: br, q: 'Londno'} ................................. passed
When method get ........................................................... passed
Then status 200 ........................................................... passed
And match $.result[0].cid == 17399 ........................................ passed
* url domain .............................................................. passed
* path url_path ........................................................... passed
Given params { l: en-GB, p: uk, q: London, n: 1} .......................... passed
When method get ........................................................... passed
Then status 200 ........................................................... passed
And match $.result[0].cid == 17399 ........................................ passed
* url domain .............................................................. passed
* path url_path ........................................................... passed
Given params { l: de, p: de, q: London, n: 1} ............................. passed
When method get ........................................................... passed
Then status 200 ........................................................... passed
And match $.result[0].cid == 17399 ........................................ passed
* url domain .............................................................. passed
* path url_path ........................................................... passed
Given params { l: es, p: es, q: London, n: 1} ............................. passed
When method get ........................................................... passed
Then status 200 ........................................................... passed
And match $.result[0].cid == 17399 ........................................ passed</system-out>
  </testcase>
  <testcase classname="feature.Spellcheck" name="Spellcheck should not fix London" time="0.077659">
    <system-out>* url domain .............................................................. passed
* path url_path ........................................................... passed
Given params { l: en-GB, p: uk, q: 'Londno'} .............................. passed
When method get ........................................................... passed
Then status 200 ........................................................... passed
And match $.result[0].cid == 17399 ........................................ passed
* url domain .............................................................. passed
* path url_path ........................................................... passed
Given params { l: de, p: de, q: 'Londno'} ................................. passed
When method get ........................................................... passed
Then status 200 ........................................................... passed
And match $.result[0].cid == 17399 ........................................ passed
* url domain .............................................................. passed
* path url_path ........................................................... passed
Given params { l: es, p: es, q: 'Londno'} ................................. passed
When method get ........................................................... passed
Then status 200 ........................................................... passed
And match $.result[0].cid == 17399 ........................................ passed
* url domain .............................................................. passed
* path url_path ........................................................... passed
Given params { l: fr, p: fr, q: 'Londno'} ................................. passed
When method get ........................................................... passed
Then status 200 ........................................................... passed
And match $.result[0].cid == 17399 ........................................ passed
* url domain .............................................................. passed
* path url_path ........................................................... passed
Given params { l: pt, p: br, q: 'Londno'} ................................. passed
When method get ........................................................... passed
Then status 200 ........................................................... passed
And match $.result[0].cid == 17399 ........................................ passed
* url domain .............................................................. passed
* path url_path ........................................................... passed
Given params { l: en-GB, p: uk, q: London, n: 1} .......................... passed
When method get ........................................................... passed
Then status 200 ........................................................... passed
And match $.result[0].cid == 17399 ........................................ passed
* url domain .............................................................. passed
* path url_path ........................................................... passed
Given params { l: de, p: de, q: London, n: 1} ............................. passed
When method get ........................................................... passed
Then status 200 ........................................................... passed
And match $.result[0].cid == 17399 ........................................ passed
* url domain .............................................................. passed
* path url_path ........................................................... passed
Given params { l: es, p: es, q: London, n: 1} ............................. passed
When method get ........................................................... passed
Then status 200 ........................................................... passed
And match $.result[0].cid == 17399 ........................................ passed
* url domain .............................................................. passed
* path url_path ........................................................... passed
Given params { l: fr, p: fr, q: London, n: 1} ............................. passed
When method get ........................................................... passed
Then status 200 ........................................................... passed
And match $.result[0].cid == 17399 ........................................ passed</system-out>
  </testcase>
  <testcase classname="feature.Spellcheck" name="Spellcheck should not fix London" time="0.084305">
    <system-out>* url domain .............................................................. passed
* path url_path ........................................................... passed
Given params { l: en-GB, p: uk, q: 'Londno'} .............................. passed
When method get ........................................................... passed
Then status 200 ........................................................... passed
And match $.result[0].cid == 17399 ........................................ passed
* url domain .............................................................. passed
* path url_path ........................................................... passed
Given params { l: de, p: de, q: 'Londno'} ................................. passed
When method get ........................................................... passed
Then status 200 ........................................................... passed
And match $.result[0].cid == 17399 ........................................ passed
* url domain .............................................................. passed
* path url_path ........................................................... passed
Given params { l: es, p: es, q: 'Londno'} ................................. passed
When method get ........................................................... passed
Then status 200 ........................................................... passed
And match $.result[0].cid == 17399 ........................................ passed
* url domain .............................................................. passed
* path url_path ........................................................... passed
Given params { l: fr, p: fr, q: 'Londno'} ................................. passed
When method get ........................................................... passed
Then status 200 ........................................................... passed
And match $.result[0].cid == 17399 ........................................ passed
* url domain .............................................................. passed
* path url_path ........................................................... passed
Given params { l: pt, p: br, q: 'Londno'} ................................. passed
When method get ........................................................... passed
Then status 200 ........................................................... passed
And match $.result[0].cid == 17399 ........................................ passed
* url domain .............................................................. passed
* path url_path ........................................................... passed
Given params { l: en-GB, p: uk, q: London, n: 1} .......................... passed
When method get ........................................................... passed
Then status 200 ........................................................... passed
And match $.result[0].cid == 17399 ........................................ passed
* url domain .............................................................. passed
* path url_path ........................................................... passed
Given params { l: de, p: de, q: London, n: 1} ............................. passed
When method get ........................................................... passed
Then status 200 ........................................................... passed
And match $.result[0].cid == 17399 ........................................ passed
* url domain .............................................................. passed
* path url_path ........................................................... passed
Given params { l: es, p: es, q: London, n: 1} ............................. passed
When method get ........................................................... passed
Then status 200 ........................................................... passed
And match $.result[0].cid == 17399 ........................................ passed
* url domain .............................................................. passed
* path url_path ........................................................... passed
Given params { l: fr, p: fr, q: London, n: 1} ............................. passed
When method get ........................................................... passed
Then status 200 ........................................................... passed
And match $.result[0].cid == 17399 ........................................ passed
* url domain .............................................................. passed
* path url_path ........................................................... passed
Given params { l: pt, p: br, q: London, n: 1} ............................. passed
When method get ........................................................... passed
Then status 200 ........................................................... passed
And match $.result[0].cid == 17399 ........................................ passed</system-out>
  </testcase>
  <testcase classname="feature.Spellcheck" name="Spellcheck should return 400 bad request because the invalid language code" time="0.055695">
    <system-out>* url domain .............................................................. passed
* path url_path ........................................................... passed
Given params { l: en-GB, p: uk, q: 'Londno'} .............................. passed
When method get ........................................................... passed
Then status 200 ........................................................... passed
And match $.result[0].cid == 17399 ........................................ passed
* url domain .............................................................. passed
* path url_path ........................................................... passed
Given params { l: de, p: de, q: 'Londno'} ................................. passed
When method get ........................................................... passed
Then status 200 ........................................................... passed
And match $.result[0].cid == 17399 ........................................ passed
* url domain .............................................................. passed
* path url_path ........................................................... passed
Given params { l: es, p: es, q: 'Londno'} ................................. passed
When method get ........................................................... passed
Then status 200 ........................................................... passed
And match $.result[0].cid == 17399 ........................................ passed
* url domain .............................................................. passed
* path url_path ........................................................... passed
Given params { l: fr, p: fr, q: 'Londno'} ................................. passed
When method get ........................................................... passed
Then status 200 ........................................................... passed
And match $.result[0].cid == 17399 ........................................ passed
* url domain .............................................................. passed
* path url_path ........................................................... passed
Given params { l: pt, p: br, q: 'Londno'} ................................. passed
When method get ........................................................... passed
Then status 200 ........................................................... passed
And match $.result[0].cid == 17399 ........................................ passed
* url domain .............................................................. passed
* path url_path ........................................................... passed
Given params { l: en-GB, p: uk, q: London, n: 1} .......................... passed
When method get ........................................................... passed
Then status 200 ........................................................... passed
And match $.result[0].cid == 17399 ........................................ passed
* url domain .............................................................. passed
* path url_path ........................................................... passed
Given params { l: de, p: de, q: London, n: 1} ............................. passed
When method get ........................................................... passed
Then status 200 ........................................................... passed
And match $.result[0].cid == 17399 ........................................ passed
* url domain .............................................................. passed
* path url_path ........................................................... passed
Given params { l: es, p: es, q: London, n: 1} ............................. passed
When method get ........................................................... passed
Then status 200 ........................................................... passed
And match $.result[0].cid == 17399 ........................................ passed
* url domain .............................................................. passed
* path url_path ........................................................... passed
Given params { l: fr, p: fr, q: London, n: 1} ............................. passed
When method get ........................................................... passed
Then status 200 ........................................................... passed
And match $.result[0].cid == 17399 ........................................ passed
* url domain .............................................................. passed
* path url_path ........................................................... passed
Given params { l: pt, p: br, q: London, n: 1} ............................. passed
When method get ........................................................... passed
Then status 200 ........................................................... passed
And match $.result[0].cid == 17399 ........................................ passed
* url domain .............................................................. passed
* path url_path ........................................................... passed
Given params { l: ko-k, p: uk, q: London, n: 1} ........................... passed
When method get ........................................................... passed
Then status 400 ........................................................... passed
And match $.result == [] .................................................. passed
And match $.error.message == '#notnull' ................................... passed</system-out>
  </testcase>
  <testcase classname="feature.Spellcheck" name="Spellcheck should fix Londras for Londres" time="0.088505">
    <system-out>* url domain .............................................................. passed
* path url_path ........................................................... passed
Given params { l: en-GB, p: uk, q: 'Londno'} .............................. passed
When method get ........................................................... passed
Then status 200 ........................................................... passed
And match $.result[0].cid == 17399 ........................................ passed
* url domain .............................................................. passed
* path url_path ........................................................... passed
Given params { l: de, p: de, q: 'Londno'} ................................. passed
When method get ........................................................... passed
Then status 200 ........................................................... passed
And match $.result[0].cid == 17399 ........................................ passed
* url domain .............................................................. passed
* path url_path ........................................................... passed
Given params { l: es, p: es, q: 'Londno'} ................................. passed
When method get ........................................................... passed
Then status 200 ........................................................... passed
And match $.result[0].cid == 17399 ........................................ passed
* url domain .............................................................. passed
* path url_path ........................................................... passed
Given params { l: fr, p: fr, q: 'Londno'} ................................. passed
When method get ........................................................... passed
Then status 200 ........................................................... passed
And match $.result[0].cid == 17399 ........................................ passed
* url domain .............................................................. passed
* path url_path ........................................................... passed
Given params { l: pt, p: br, q: 'Londno'} ................................. passed
When method get ........................................................... passed
Then status 200 ........................................................... passed
And match $.result[0].cid == 17399 ........................................ passed
* url domain .............................................................. passed
* path url_path ........................................................... passed
Given params { l: en-GB, p: uk, q: London, n: 1} .......................... passed
When method get ........................................................... passed
Then status 200 ........................................................... passed
And match $.result[0].cid == 17399 ........................................ passed
* url domain .............................................................. passed
* path url_path ........................................................... passed
Given params { l: de, p: de, q: London, n: 1} ............................. passed
When method get ........................................................... passed
Then status 200 ........................................................... passed
And match $.result[0].cid == 17399 ........................................ passed
* url domain .............................................................. passed
* path url_path ........................................................... passed
Given params { l: es, p: es, q: London, n: 1} ............................. passed
When method get ........................................................... passed
Then status 200 ........................................................... passed
And match $.result[0].cid == 17399 ........................................ passed
* url domain .............................................................. passed
* path url_path ........................................................... passed
Given params { l: fr, p: fr, q: London, n: 1} ............................. passed
When method get ........................................................... passed
Then status 200 ........................................................... passed
And match $.result[0].cid == 17399 ........................................ passed
* url domain .............................................................. passed
* path url_path ........................................................... passed
Given params { l: pt, p: br, q: London, n: 1} ............................. passed
When method get ........................................................... passed
Then status 200 ........................................................... passed
And match $.result[0].cid == 17399 ........................................ passed
* url domain .............................................................. passed
* path url_path ........................................................... passed
Given params { l: ko-k, p: uk, q: London, n: 1} ........................... passed
When method get ........................................................... passed
Then status 400 ........................................................... passed
And match $.result == [] .................................................. passed
And match $.error.message == '#notnull' ................................... passed
* url domain .............................................................. passed
* path url_path ........................................................... passed
Given params { l: fr, p: fr, q: 'Londras'} ................................ passed
When method get ........................................................... passed
Then status 200 ........................................................... passed
And match $.result[0].cid == 17399 ........................................ passed</system-out>
  </testcase>
  <testcase classname="feature.Spellcheck" name="Spellcheck should return no errors even with the wrong platform code" time="0.156388">
    <system-out>* url domain .............................................................. passed
* path url_path ........................................................... passed
Given params { l: en-GB, p: uk, q: 'Londno'} .............................. passed
When method get ........................................................... passed
Then status 200 ........................................................... passed
And match $.result[0].cid == 17399 ........................................ passed
* url domain .............................................................. passed
* path url_path ........................................................... passed
Given params { l: de, p: de, q: 'Londno'} ................................. passed
When method get ........................................................... passed
Then status 200 ........................................................... passed
And match $.result[0].cid == 17399 ........................................ passed
* url domain .............................................................. passed
* path url_path ........................................................... passed
Given params { l: es, p: es, q: 'Londno'} ................................. passed
When method get ........................................................... passed
Then status 200 ........................................................... passed
And match $.result[0].cid == 17399 ........................................ passed
* url domain .............................................................. passed
* path url_path ........................................................... passed
Given params { l: fr, p: fr, q: 'Londno'} ................................. passed
When method get ........................................................... passed
Then status 200 ........................................................... passed
And match $.result[0].cid == 17399 ........................................ passed
* url domain .............................................................. passed
* path url_path ........................................................... passed
Given params { l: pt, p: br, q: 'Londno'} ................................. passed
When method get ........................................................... passed
Then status 200 ........................................................... passed
And match $.result[0].cid == 17399 ........................................ passed
* url domain .............................................................. passed
* path url_path ........................................................... passed
Given params { l: en-GB, p: uk, q: London, n: 1} .......................... passed
When method get ........................................................... passed
Then status 200 ........................................................... passed
And match $.result[0].cid == 17399 ........................................ passed
* url domain .............................................................. passed
* path url_path ........................................................... passed
Given params { l: de, p: de, q: London, n: 1} ............................. passed
When method get ........................................................... passed
Then status 200 ........................................................... passed
And match $.result[0].cid == 17399 ........................................ passed
* url domain .............................................................. passed
* path url_path ........................................................... passed
Given params { l: es, p: es, q: London, n: 1} ............................. passed
When method get ........................................................... passed
Then status 200 ........................................................... passed
And match $.result[0].cid == 17399 ........................................ passed
* url domain .............................................................. passed
* path url_path ........................................................... passed
Given params { l: fr, p: fr, q: London, n: 1} ............................. passed
When method get ........................................................... passed
Then status 200 ........................................................... passed
And match $.result[0].cid == 17399 ........................................ passed
* url domain .............................................................. passed
* path url_path ........................................................... passed
Given params { l: pt, p: br, q: London, n: 1} ............................. passed
When method get ........................................................... passed
Then status 200 ........................................................... passed
And match $.result[0].cid == 17399 ........................................ passed
* url domain .............................................................. passed
* path url_path ........................................................... passed
Given params { l: ko-k, p: uk, q: London, n: 1} ........................... passed
When method get ........................................................... passed
Then status 400 ........................................................... passed
And match $.result == [] .................................................. passed
And match $.error.message == '#notnull' ................................... passed
* url domain .............................................................. passed
* path url_path ........................................................... passed
Given params { l: fr, p: fr, q: 'Londras'} ................................ passed
When method get ........................................................... passed
Then status 200 ........................................................... passed
And match $.result[0].cid == 17399 ........................................ passed
* url domain .............................................................. passed
* path url_path ........................................................... passed
Given params { l: en, p: xx, q: London, n: 1} ............................. passed
When method get ........................................................... passed
Then status 200 ........................................................... passed
And match $.error == {} ................................................... passed
And match $.result == '#[1]' .............................................. passed</system-out>
  </testcase>
  <testcase classname="feature.Spellcheck" name="İznik spell correction check with ASCII folding" time="0.079072">
    <system-out>* url domain .............................................................. passed
* path url_path ........................................................... passed
Given params { l: en-GB, p: uk, q: 'Londno'} .............................. passed
When method get ........................................................... passed
Then status 200 ........................................................... passed
And match $.result[0].cid == 17399 ........................................ passed
* url domain .............................................................. passed
* path url_path ........................................................... passed
Given params { l: de, p: de, q: 'Londno'} ................................. passed
When method get ........................................................... passed
Then status 200 ........................................................... passed
And match $.result[0].cid == 17399 ........................................ passed
* url domain .............................................................. passed
* path url_path ........................................................... passed
Given params { l: es, p: es, q: 'Londno'} ................................. passed
When method get ........................................................... passed
Then status 200 ........................................................... passed
And match $.result[0].cid == 17399 ........................................ passed
* url domain .............................................................. passed
* path url_path ........................................................... passed
Given params { l: fr, p: fr, q: 'Londno'} ................................. passed
When method get ........................................................... passed
Then status 200 ........................................................... passed
And match $.result[0].cid == 17399 ........................................ passed
* url domain .............................................................. passed
* path url_path ........................................................... passed
Given params { l: pt, p: br, q: 'Londno'} ................................. passed
When method get ........................................................... passed
Then status 200 ........................................................... passed
And match $.result[0].cid == 17399 ........................................ passed
* url domain .............................................................. passed
* path url_path ........................................................... passed
Given params { l: en-GB, p: uk, q: London, n: 1} .......................... passed
When method get ........................................................... passed
Then status 200 ........................................................... passed
And match $.result[0].cid == 17399 ........................................ passed
* url domain .............................................................. passed
* path url_path ........................................................... passed
Given params { l: de, p: de, q: London, n: 1} ............................. passed
When method get ........................................................... passed
Then status 200 ........................................................... passed
And match $.result[0].cid == 17399 ........................................ passed
* url domain .............................................................. passed
* path url_path ........................................................... passed
Given params { l: es, p: es, q: London, n: 1} ............................. passed
When method get ........................................................... passed
Then status 200 ........................................................... passed
And match $.result[0].cid == 17399 ........................................ passed
* url domain .............................................................. passed
* path url_path ........................................................... passed
Given params { l: fr, p: fr, q: London, n: 1} ............................. passed
When method get ........................................................... passed
Then status 200 ........................................................... passed
And match $.result[0].cid == 17399 ........................................ passed
* url domain .............................................................. passed
* path url_path ........................................................... passed
Given params { l: pt, p: br, q: London, n: 1} ............................. passed
When method get ........................................................... passed
Then status 200 ........................................................... passed
And match $.result[0].cid == 17399 ........................................ passed
* url domain .............................................................. passed
* path url_path ........................................................... passed
Given params { l: ko-k, p: uk, q: London, n: 1} ........................... passed
When method get ........................................................... passed
Then status 400 ........................................................... passed
And match $.result == [] .................................................. passed
And match $.error.message == '#notnull' ................................... passed
* url domain .............................................................. passed
* path url_path ........................................................... passed
Given params { l: fr, p: fr, q: 'Londras'} ................................ passed
When method get ........................................................... passed
Then status 200 ........................................................... passed
And match $.result[0].cid == 17399 ........................................ passed
* url domain .............................................................. passed
* path url_path ........................................................... passed
Given params { l: en, p: xx, q: London, n: 1} ............................. passed
When method get ........................................................... passed
Then status 200 ........................................................... passed
And match $.error == {} ................................................... passed
And match $.result == '#[1]' .............................................. passed
* url domain .............................................................. passed
* path url_path ........................................................... passed
Given params { l: 'tr', p: 'tr', q: 'İzniz', n: 1 } ....................... passed
When method get ........................................................... passed
Then status 200 ........................................................... passed
And match $.result[0].cid == 390196 ....................................... passed
And match $.result[0].ns == 200 ........................................... passed
And match $.result[0].t == 'İznik' ........................................ passed</system-out>
  </testcase>
  <testcase classname="feature.Spellcheck" name="Zenting spell correction check with ASCII folding" time="0.082146">
    <system-out>* url domain .............................................................. passed
* path url_path ........................................................... passed
Given params { l: en-GB, p: uk, q: 'Londno'} .............................. passed
When method get ........................................................... passed
Then status 200 ........................................................... passed
And match $.result[0].cid == 17399 ........................................ passed
* url domain .............................................................. passed
* path url_path ........................................................... passed
Given params { l: de, p: de, q: 'Londno'} ................................. passed
When method get ........................................................... passed
Then status 200 ........................................................... passed
And match $.result[0].cid == 17399 ........................................ passed
* url domain .............................................................. passed
* path url_path ........................................................... passed
Given params { l: es, p: es, q: 'Londno'} ................................. passed
When method get ........................................................... passed
Then status 200 ........................................................... passed
And match $.result[0].cid == 17399 ........................................ passed
* url domain .............................................................. passed
* path url_path ........................................................... passed
Given params { l: fr, p: fr, q: 'Londno'} ................................. passed
When method get ........................................................... passed
Then status 200 ........................................................... passed
And match $.result[0].cid == 17399 ........................................ passed
* url domain .............................................................. passed
* path url_path ........................................................... passed
Given params { l: pt, p: br, q: 'Londno'} ................................. passed
When method get ........................................................... passed
Then status 200 ........................................................... passed
And match $.result[0].cid == 17399 ........................................ passed
* url domain .............................................................. passed
* path url_path ........................................................... passed
Given params { l: en-GB, p: uk, q: London, n: 1} .......................... passed
When method get ........................................................... passed
Then status 200 ........................................................... passed
And match $.result[0].cid == 17399 ........................................ passed
* url domain .............................................................. passed
* path url_path ........................................................... passed
Given params { l: de, p: de, q: London, n: 1} ............................. passed
When method get ........................................................... passed
Then status 200 ........................................................... passed
And match $.result[0].cid == 17399 ........................................ passed
* url domain .............................................................. passed
* path url_path ........................................................... passed
Given params { l: es, p: es, q: London, n: 1} ............................. passed
When method get ........................................................... passed
Then status 200 ........................................................... passed
And match $.result[0].cid == 17399 ........................................ passed
* url domain .............................................................. passed
* path url_path ........................................................... passed
Given params { l: fr, p: fr, q: London, n: 1} ............................. passed
When method get ........................................................... passed
Then status 200 ........................................................... passed
And match $.result[0].cid == 17399 ........................................ passed
* url domain .............................................................. passed
* path url_path ........................................................... passed
Given params { l: pt, p: br, q: London, n: 1} ............................. passed
When method get ........................................................... passed
Then status 200 ........................................................... passed
And match $.result[0].cid == 17399 ........................................ passed
* url domain .............................................................. passed
* path url_path ........................................................... passed
Given params { l: ko-k, p: uk, q: London, n: 1} ........................... passed
When method get ........................................................... passed
Then status 400 ........................................................... passed
And match $.result == [] .................................................. passed
And match $.error.message == '#notnull' ................................... passed
* url domain .............................................................. passed
* path url_path ........................................................... passed
Given params { l: fr, p: fr, q: 'Londras'} ................................ passed
When method get ........................................................... passed
Then status 200 ........................................................... passed
And match $.result[0].cid == 17399 ........................................ passed
* url domain .............................................................. passed
* path url_path ........................................................... passed
Given params { l: en, p: xx, q: London, n: 1} ............................. passed
When method get ........................................................... passed
Then status 200 ........................................................... passed
And match $.error == {} ................................................... passed
And match $.result == '#[1]' .............................................. passed
* url domain .............................................................. passed
* path url_path ........................................................... passed
Given params { l: 'tr', p: 'tr', q: 'İzniz', n: 1 } ....................... passed
When method get ........................................................... passed
Then status 200 ........................................................... passed
And match $.result[0].cid == 390196 ....................................... passed
And match $.result[0].ns == 200 ........................................... passed
And match $.result[0].t == 'İznik' ........................................ passed
* url domain .............................................................. passed
* path url_path ........................................................... passed
Given params { l: 'de', p: 'de', q: 'ZEYTİNG', n: 1 } ..................... passed
When method get ........................................................... passed
Then status 200 ........................................................... passed
And match $.result[0].cid == 2518 ......................................... passed
And match $.result[0].ns == 200 ........................................... passed
And match $.result[0].t == 'Zenting' ...................................... passed</system-out>
  </testcase>
  <testcase classname="feature.Spellcheck" name="anima spell correction with no result doesn't throw exception" time="0.067441">
    <system-out>* url domain .............................................................. passed
* path url_path ........................................................... passed
Given params { l: en-GB, p: uk, q: 'Londno'} .............................. passed
When method get ........................................................... passed
Then status 200 ........................................................... passed
And match $.result[0].cid == 17399 ........................................ passed
* url domain .............................................................. passed
* path url_path ........................................................... passed
Given params { l: de, p: de, q: 'Londno'} ................................. passed
When method get ........................................................... passed
Then status 200 ........................................................... passed
And match $.result[0].cid == 17399 ........................................ passed
* url domain .............................................................. passed
* path url_path ........................................................... passed
Given params { l: es, p: es, q: 'Londno'} ................................. passed
When method get ........................................................... passed
Then status 200 ........................................................... passed
And match $.result[0].cid == 17399 ........................................ passed
* url domain .............................................................. passed
* path url_path ........................................................... passed
Given params { l: fr, p: fr, q: 'Londno'} ................................. passed
When method get ........................................................... passed
Then status 200 ........................................................... passed
And match $.result[0].cid == 17399 ........................................ passed
* url domain .............................................................. passed
* path url_path ........................................................... passed
Given params { l: pt, p: br, q: 'Londno'} ................................. passed
When method get ........................................................... passed
Then status 200 ........................................................... passed
And match $.result[0].cid == 17399 ........................................ passed
* url domain .............................................................. passed
* path url_path ........................................................... passed
Given params { l: en-GB, p: uk, q: London, n: 1} .......................... passed
When method get ........................................................... passed
Then status 200 ........................................................... passed
And match $.result[0].cid == 17399 ........................................ passed
* url domain .............................................................. passed
* path url_path ........................................................... passed
Given params { l: de, p: de, q: London, n: 1} ............................. passed
When method get ........................................................... passed
Then status 200 ........................................................... passed
And match $.result[0].cid == 17399 ........................................ passed
* url domain .............................................................. passed
* path url_path ........................................................... passed
Given params { l: es, p: es, q: London, n: 1} ............................. passed
When method get ........................................................... passed
Then status 200 ........................................................... passed
And match $.result[0].cid == 17399 ........................................ passed
* url domain .............................................................. passed
* path url_path ........................................................... passed
Given params { l: fr, p: fr, q: London, n: 1} ............................. passed
When method get ........................................................... passed
Then status 200 ........................................................... passed
And match $.result[0].cid == 17399 ........................................ passed
* url domain .............................................................. passed
* path url_path ........................................................... passed
Given params { l: pt, p: br, q: London, n: 1} ............................. passed
When method get ........................................................... passed
Then status 200 ........................................................... passed
And match $.result[0].cid == 17399 ........................................ passed
* url domain .............................................................. passed
* path url_path ........................................................... passed
Given params { l: ko-k, p: uk, q: London, n: 1} ........................... passed
When method get ........................................................... passed
Then status 400 ........................................................... passed
And match $.result == [] .................................................. passed
And match $.error.message == '#notnull' ................................... passed
* url domain .............................................................. passed
* path url_path ........................................................... passed
Given params { l: fr, p: fr, q: 'Londras'} ................................ passed
When method get ........................................................... passed
Then status 200 ........................................................... passed
And match $.result[0].cid == 17399 ........................................ passed
* url domain .............................................................. passed
* path url_path ........................................................... passed
Given params { l: en, p: xx, q: London, n: 1} ............................. passed
When method get ........................................................... passed
Then status 200 ........................................................... passed
And match $.error == {} ................................................... passed
And match $.result == '#[1]' .............................................. passed
* url domain .............................................................. passed
* path url_path ........................................................... passed
Given params { l: 'tr', p: 'tr', q: 'İzniz', n: 1 } ....................... passed
When method get ........................................................... passed
Then status 200 ........................................................... passed
And match $.result[0].cid == 390196 ....................................... passed
And match $.result[0].ns == 200 ........................................... passed
And match $.result[0].t == 'İznik' ........................................ passed
* url domain .............................................................. passed
* path url_path ........................................................... passed
Given params { l: 'de', p: 'de', q: 'ZEYTİNG', n: 1 } ..................... passed
When method get ........................................................... passed
Then status 200 ........................................................... passed
And match $.result[0].cid == 2518 ......................................... passed
And match $.result[0].ns == 200 ........................................... passed
And match $.result[0].t == 'Zenting' ...................................... passed
* url domain .............................................................. passed
* path url_path ........................................................... passed
Given params { l: 'fr', p: 'fr', q: 'anima', n: 1, ns: 300 } .............. passed
When method get ........................................................... passed
Then status 200 ........................................................... passed
And match $.result == [] .................................................. passed</system-out>
  </testcase>
</testsuite>
