<testsuite failures="0" name="feature/NameSpaceFilter.feature" skipped="0" tests="7" time="5.596847">
  <testcase classname="feature.NameSpaceFilter" name="Name space filter works with recognizable numeric input" time="2.608438">
    <system-out>* url domain .............................................................. passed
* path url_path ........................................................... passed
Given params { l: 'en-GB', p: 'uk', q: 'Madrid', n: 1, ns: 100 } .......... passed
When method get ........................................................... passed
Then status 200 ........................................................... passed
And match $.result[0].cid == 6552200 ...................................... passed
And match $.result[0].ns == 100 ........................................... passed
And match $.result[0].t == 'Madrid Tetuan Studio' ......................... passed</system-out>
  </testcase>
  <testcase classname="feature.NameSpaceFilter" name="Name space filter brings no result with unrecognizable numeric input &gt; 0" time="2.570909">
    <system-out>* url domain .............................................................. passed
* path url_path ........................................................... passed
Given params { l: 'en-GB', p: 'uk', q: 'Madrid', n: 1, ns: 100 } .......... passed
When method get ........................................................... passed
Then status 200 ........................................................... passed
And match $.result[0].cid == 6552200 ...................................... passed
And match $.result[0].ns == 100 ........................................... passed
And match $.result[0].t == 'Madrid Tetuan Studio' ......................... passed
* url domain .............................................................. passed
* path url_path ........................................................... passed
Given params { l: 'en-GB', p: 'uk', q: 'Madrid', n: 1, ns: 1 } ............ passed
When method get ........................................................... passed
Then status 200 ........................................................... passed
And match $.result == [] .................................................. passed</system-out>
  </testcase>
  <testcase classname="feature.NameSpaceFilter" name="Name space filter fallback to default in case of empty, negative, string and &quot;0&quot; input to ns parameter" time="0.08361">
    <system-out>* url domain .............................................................. passed
* path url_path ........................................................... passed
Given params { l: 'en-GB', p: 'uk', q: 'Madrid', n: 1, ns: 100 } .......... passed
When method get ........................................................... passed
Then status 200 ........................................................... passed
And match $.result[0].cid == 6552200 ...................................... passed
And match $.result[0].ns == 100 ........................................... passed
And match $.result[0].t == 'Madrid Tetuan Studio' ......................... passed
* url domain .............................................................. passed
* path url_path ........................................................... passed
Given params { l: 'en-GB', p: 'uk', q: 'Madrid', n: 1, ns: 1 } ............ passed
When method get ........................................................... passed
Then status 200 ........................................................... passed
And match $.result == [] .................................................. passed
* url domain .............................................................. passed
* path url_path ........................................................... passed
Given params { l: en-GB, p: uk, q: 'Eiffel', ns: 0 } ...................... passed
When method get ........................................................... passed
Then status 200 ........................................................... passed
And match $.result[0].cid == 13444 ........................................ passed
And match $.result[0].ns == 500 ........................................... passed
And match $.result[0].t == 'Eiffel tower' ................................. passed</system-out>
  </testcase>
  <testcase classname="feature.NameSpaceFilter" name="Name space filter fallback to default in case of empty, negative, string and &quot;0&quot; input to ns parameter" time="0.094526">
    <system-out>* url domain .............................................................. passed
* path url_path ........................................................... passed
Given params { l: 'en-GB', p: 'uk', q: 'Madrid', n: 1, ns: 100 } .......... passed
When method get ........................................................... passed
Then status 200 ........................................................... passed
And match $.result[0].cid == 6552200 ...................................... passed
And match $.result[0].ns == 100 ........................................... passed
And match $.result[0].t == 'Madrid Tetuan Studio' ......................... passed
* url domain .............................................................. passed
* path url_path ........................................................... passed
Given params { l: 'en-GB', p: 'uk', q: 'Madrid', n: 1, ns: 1 } ............ passed
When method get ........................................................... passed
Then status 200 ........................................................... passed
And match $.result == [] .................................................. passed
* url domain .............................................................. passed
* path url_path ........................................................... passed
Given params { l: en-GB, p: uk, q: 'Eiffel', ns: 0 } ...................... passed
When method get ........................................................... passed
Then status 200 ........................................................... passed
And match $.result[0].cid == 13444 ........................................ passed
And match $.result[0].ns == 500 ........................................... passed
And match $.result[0].t == 'Eiffel tower' ................................. passed
* url domain .............................................................. passed
* path url_path ........................................................... passed
Given params { l: en-GB, p: uk, q: 'Eiffel', ns: -200 } ................... passed
When method get ........................................................... passed
Then status 200 ........................................................... passed
And match $.result[0].cid == 13444 ........................................ passed
And match $.result[0].ns == 500 ........................................... passed
And match $.result[0].t == 'Eiffel tower' ................................. passed</system-out>
  </testcase>
  <testcase classname="feature.NameSpaceFilter" name="Name space filter fallback to default in case of empty, negative, string and &quot;0&quot; input to ns parameter" time="0.088495">
    <system-out>* url domain .............................................................. passed
* path url_path ........................................................... passed
Given params { l: 'en-GB', p: 'uk', q: 'Madrid', n: 1, ns: 100 } .......... passed
When method get ........................................................... passed
Then status 200 ........................................................... passed
And match $.result[0].cid == 6552200 ...................................... passed
And match $.result[0].ns == 100 ........................................... passed
And match $.result[0].t == 'Madrid Tetuan Studio' ......................... passed
* url domain .............................................................. passed
* path url_path ........................................................... passed
Given params { l: 'en-GB', p: 'uk', q: 'Madrid', n: 1, ns: 1 } ............ passed
When method get ........................................................... passed
Then status 200 ........................................................... passed
And match $.result == [] .................................................. passed
* url domain .............................................................. passed
* path url_path ........................................................... passed
Given params { l: en-GB, p: uk, q: 'Eiffel', ns: 0 } ...................... passed
When method get ........................................................... passed
Then status 200 ........................................................... passed
And match $.result[0].cid == 13444 ........................................ passed
And match $.result[0].ns == 500 ........................................... passed
And match $.result[0].t == 'Eiffel tower' ................................. passed
* url domain .............................................................. passed
* path url_path ........................................................... passed
Given params { l: en-GB, p: uk, q: 'Eiffel', ns: -200 } ................... passed
When method get ........................................................... passed
Then status 200 ........................................................... passed
And match $.result[0].cid == 13444 ........................................ passed
And match $.result[0].ns == 500 ........................................... passed
And match $.result[0].t == 'Eiffel tower' ................................. passed
* url domain .............................................................. passed
* path url_path ........................................................... passed
Given params { l: en-GB, p: uk, q: 'Eiffel', ns: blabla } ................. passed
When method get ........................................................... passed
Then status 200 ........................................................... passed
And match $.result[0].cid == 13444 ........................................ passed
And match $.result[0].ns == 500 ........................................... passed
And match $.result[0].t == 'Eiffel tower' ................................. passed</system-out>
  </testcase>
  <testcase classname="feature.NameSpaceFilter" name="Name space filter fallback to default in case of empty, negative, string and &quot;0&quot; input to ns parameter" time="0.07041">
    <system-out>* url domain .............................................................. passed
* path url_path ........................................................... passed
Given params { l: 'en-GB', p: 'uk', q: 'Madrid', n: 1, ns: 100 } .......... passed
When method get ........................................................... passed
Then status 200 ........................................................... passed
And match $.result[0].cid == 6552200 ...................................... passed
And match $.result[0].ns == 100 ........................................... passed
And match $.result[0].t == 'Madrid Tetuan Studio' ......................... passed
* url domain .............................................................. passed
* path url_path ........................................................... passed
Given params { l: 'en-GB', p: 'uk', q: 'Madrid', n: 1, ns: 1 } ............ passed
When method get ........................................................... passed
Then status 200 ........................................................... passed
And match $.result == [] .................................................. passed
* url domain .............................................................. passed
* path url_path ........................................................... passed
Given params { l: en-GB, p: uk, q: 'Eiffel', ns: 0 } ...................... passed
When method get ........................................................... passed
Then status 200 ........................................................... passed
And match $.result[0].cid == 13444 ........................................ passed
And match $.result[0].ns == 500 ........................................... passed
And match $.result[0].t == 'Eiffel tower' ................................. passed
* url domain .............................................................. passed
* path url_path ........................................................... passed
Given params { l: en-GB, p: uk, q: 'Eiffel', ns: -200 } ................... passed
When method get ........................................................... passed
Then status 200 ........................................................... passed
And match $.result[0].cid == 13444 ........................................ passed
And match $.result[0].ns == 500 ........................................... passed
And match $.result[0].t == 'Eiffel tower' ................................. passed
* url domain .............................................................. passed
* path url_path ........................................................... passed
Given params { l: en-GB, p: uk, q: 'Eiffel', ns: blabla } ................. passed
When method get ........................................................... passed
Then status 200 ........................................................... passed
And match $.result[0].cid == 13444 ........................................ passed
And match $.result[0].ns == 500 ........................................... passed
And match $.result[0].t == 'Eiffel tower' ................................. passed
* url domain .............................................................. passed
* path url_path ........................................................... passed
Given params { l: en-GB, p: uk, q: 'Eiffel', ns: "" } ..................... passed
When method get ........................................................... passed
Then status 200 ........................................................... passed
And match $.result[0].cid == 13444 ........................................ passed
And match $.result[0].ns == 500 ........................................... passed
And match $.result[0].t == 'Eiffel tower' ................................. passed</system-out>
  </testcase>
  <testcase classname="feature.NameSpaceFilter" name="Name space filter fallback to default in case of empty, negative, string and &quot;0&quot; input to ns parameter" time="0.08046">
    <system-out>* url domain .............................................................. passed
* path url_path ........................................................... passed
Given params { l: 'en-GB', p: 'uk', q: 'Madrid', n: 1, ns: 100 } .......... passed
When method get ........................................................... passed
Then status 200 ........................................................... passed
And match $.result[0].cid == 6552200 ...................................... passed
And match $.result[0].ns == 100 ........................................... passed
And match $.result[0].t == 'Madrid Tetuan Studio' ......................... passed
* url domain .............................................................. passed
* path url_path ........................................................... passed
Given params { l: 'en-GB', p: 'uk', q: 'Madrid', n: 1, ns: 1 } ............ passed
When method get ........................................................... passed
Then status 200 ........................................................... passed
And match $.result == [] .................................................. passed
* url domain .............................................................. passed
* path url_path ........................................................... passed
Given params { l: en-GB, p: uk, q: 'Eiffel', ns: 0 } ...................... passed
When method get ........................................................... passed
Then status 200 ........................................................... passed
And match $.result[0].cid == 13444 ........................................ passed
And match $.result[0].ns == 500 ........................................... passed
And match $.result[0].t == 'Eiffel tower' ................................. passed
* url domain .............................................................. passed
* path url_path ........................................................... passed
Given params { l: en-GB, p: uk, q: 'Eiffel', ns: -200 } ................... passed
When method get ........................................................... passed
Then status 200 ........................................................... passed
And match $.result[0].cid == 13444 ........................................ passed
And match $.result[0].ns == 500 ........................................... passed
And match $.result[0].t == 'Eiffel tower' ................................. passed
* url domain .............................................................. passed
* path url_path ........................................................... passed
Given params { l: en-GB, p: uk, q: 'Eiffel', ns: blabla } ................. passed
When method get ........................................................... passed
Then status 200 ........................................................... passed
And match $.result[0].cid == 13444 ........................................ passed
And match $.result[0].ns == 500 ........................................... passed
And match $.result[0].t == 'Eiffel tower' ................................. passed
* url domain .............................................................. passed
* path url_path ........................................................... passed
Given params { l: en-GB, p: uk, q: 'Eiffel', ns: "" } ..................... passed
When method get ........................................................... passed
Then status 200 ........................................................... passed
And match $.result[0].cid == 13444 ........................................ passed
And match $.result[0].ns == 500 ........................................... passed
And match $.result[0].t == 'Eiffel tower' ................................. passed
* url domain .............................................................. passed
* path url_path ........................................................... passed
Given params { l: en-GB, p: uk, q: 'Eiffel', ns: '100,200,500' } .......... passed
When method get ........................................................... passed
Then status 200 ........................................................... passed
And match $.result[0].cid == 13444 ........................................ passed
And match $.result[0].ns == 500 ........................................... passed
And match $.result[0].t == 'Eiffel tower' ................................. passed</system-out>
  </testcase>
</testsuite>
