<testsuite failures="0" name="feature/BadRequestQueries.feature" skipped="0" tests="10" time="3.201231">
  <testcase classname="feature.BadRequestQueries" name="Send invalid request p=uk and l=99 expecting status code 400 (Bad Request)" time="2.564754">
    <system-out>* url domain .............................................................. passed
* path url_path ........................................................... passed
Given params { l: 99, p: uk, q: 'Berlin', n: 1 } .......................... passed
When method get ........................................................... passed
Then status 400 ........................................................... passed</system-out>
  </testcase>
  <testcase classname="feature.BadRequestQueries" name="Send invalid request p=it and l=a1 expecting status code 400 (Bad Request)" time="0.084325">
    <system-out>* url domain .............................................................. passed
* path url_path ........................................................... passed
Given params { l: 99, p: uk, q: 'Berlin', n: 1 } .......................... passed
When method get ........................................................... passed
Then status 400 ........................................................... passed
* url domain .............................................................. passed
* path url_path ........................................................... passed
Given params { l: a1, p: it, q: 'Berlin', n: 1 } .......................... passed
When method get ........................................................... passed
Then status 400 ........................................................... passed</system-out>
  </testcase>
  <testcase classname="feature.BadRequestQueries" name="Send invalid request p=it and l=ko-k expecting status code 400 (Bad Request)" time="0.05672">
    <system-out>* url domain .............................................................. passed
* path url_path ........................................................... passed
Given params { l: 99, p: uk, q: 'Berlin', n: 1 } .......................... passed
When method get ........................................................... passed
Then status 400 ........................................................... passed
* url domain .............................................................. passed
* path url_path ........................................................... passed
Given params { l: a1, p: it, q: 'Berlin', n: 1 } .......................... passed
When method get ........................................................... passed
Then status 400 ........................................................... passed
* url domain .............................................................. passed
* path url_path ........................................................... passed
Given params { l: ko-k, p: it, q: 'Berlin', n: 1 } ........................ passed
When method get ........................................................... passed
Then status 400 ........................................................... passed</system-out>
  </testcase>
  <testcase classname="feature.BadRequestQueries" name="Send invalid request p=a1 and l=it expecting status code 400 (Bad Request)" time="0.052044">
    <system-out>* url domain .............................................................. passed
* path url_path ........................................................... passed
Given params { l: 99, p: uk, q: 'Berlin', n: 1 } .......................... passed
When method get ........................................................... passed
Then status 400 ........................................................... passed
* url domain .............................................................. passed
* path url_path ........................................................... passed
Given params { l: a1, p: it, q: 'Berlin', n: 1 } .......................... passed
When method get ........................................................... passed
Then status 400 ........................................................... passed
* url domain .............................................................. passed
* path url_path ........................................................... passed
Given params { l: ko-k, p: it, q: 'Berlin', n: 1 } ........................ passed
When method get ........................................................... passed
Then status 400 ........................................................... passed
* url domain .............................................................. passed
* path url_path ........................................................... passed
Given params { l: it, p: a1, q: 'Berlin', n: 1 } .......................... passed
When method get ........................................................... passed
Then status 400 ........................................................... passed</system-out>
  </testcase>
  <testcase classname="feature.BadRequestQueries" name="Send invalid request p=br-123 and l=it expecting status code 400 (Bad Request)" time="0.065633">
    <system-out>* url domain .............................................................. passed
* path url_path ........................................................... passed
Given params { l: 99, p: uk, q: 'Berlin', n: 1 } .......................... passed
When method get ........................................................... passed
Then status 400 ........................................................... passed
* url domain .............................................................. passed
* path url_path ........................................................... passed
Given params { l: a1, p: it, q: 'Berlin', n: 1 } .......................... passed
When method get ........................................................... passed
Then status 400 ........................................................... passed
* url domain .............................................................. passed
* path url_path ........................................................... passed
Given params { l: ko-k, p: it, q: 'Berlin', n: 1 } ........................ passed
When method get ........................................................... passed
Then status 400 ........................................................... passed
* url domain .............................................................. passed
* path url_path ........................................................... passed
Given params { l: it, p: a1, q: 'Berlin', n: 1 } .......................... passed
When method get ........................................................... passed
Then status 400 ........................................................... passed
* url domain .............................................................. passed
* path url_path ........................................................... passed
Given params { l: it, p: br-123, q: 'Berlin', n: 1 } ...................... passed
When method get ........................................................... passed
Then status 400 ........................................................... passed</system-out>
  </testcase>
  <testcase classname="feature.BadRequestQueries" name="Send invalid request p=br88 and l=it expecting status code 400 (Bad Request)" time="0.103665">
    <system-out>* url domain .............................................................. passed
* path url_path ........................................................... passed
Given params { l: 99, p: uk, q: 'Berlin', n: 1 } .......................... passed
When method get ........................................................... passed
Then status 400 ........................................................... passed
* url domain .............................................................. passed
* path url_path ........................................................... passed
Given params { l: a1, p: it, q: 'Berlin', n: 1 } .......................... passed
When method get ........................................................... passed
Then status 400 ........................................................... passed
* url domain .............................................................. passed
* path url_path ........................................................... passed
Given params { l: ko-k, p: it, q: 'Berlin', n: 1 } ........................ passed
When method get ........................................................... passed
Then status 400 ........................................................... passed
* url domain .............................................................. passed
* path url_path ........................................................... passed
Given params { l: it, p: a1, q: 'Berlin', n: 1 } .......................... passed
When method get ........................................................... passed
Then status 400 ........................................................... passed
* url domain .............................................................. passed
* path url_path ........................................................... passed
Given params { l: it, p: br-123, q: 'Berlin', n: 1 } ...................... passed
When method get ........................................................... passed
Then status 400 ........................................................... passed
* url domain .............................................................. passed
* path url_path ........................................................... passed
Given params { l: it, p: br88, q: 'Berlin', n: 1 } ........................ passed
When method get ........................................................... passed
Then status 400 ........................................................... passed</system-out>
  </testcase>
  <testcase classname="feature.BadRequestQueries" name="Send invalid request p=99 and l=en expecting status code 400 (Bad Request)" time="0.062648">
    <system-out>* url domain .............................................................. passed
* path url_path ........................................................... passed
Given params { l: 99, p: uk, q: 'Berlin', n: 1 } .......................... passed
When method get ........................................................... passed
Then status 400 ........................................................... passed
* url domain .............................................................. passed
* path url_path ........................................................... passed
Given params { l: a1, p: it, q: 'Berlin', n: 1 } .......................... passed
When method get ........................................................... passed
Then status 400 ........................................................... passed
* url domain .............................................................. passed
* path url_path ........................................................... passed
Given params { l: ko-k, p: it, q: 'Berlin', n: 1 } ........................ passed
When method get ........................................................... passed
Then status 400 ........................................................... passed
* url domain .............................................................. passed
* path url_path ........................................................... passed
Given params { l: it, p: a1, q: 'Berlin', n: 1 } .......................... passed
When method get ........................................................... passed
Then status 400 ........................................................... passed
* url domain .............................................................. passed
* path url_path ........................................................... passed
Given params { l: it, p: br-123, q: 'Berlin', n: 1 } ...................... passed
When method get ........................................................... passed
Then status 400 ........................................................... passed
* url domain .............................................................. passed
* path url_path ........................................................... passed
Given params { l: it, p: br88, q: 'Berlin', n: 1 } ........................ passed
When method get ........................................................... passed
Then status 400 ........................................................... passed
* url domain .............................................................. passed
* path url_path ........................................................... passed
Given params { l: en, p: 99, q: 'Berlin', n: 1 } .......................... passed
When method get ........................................................... passed
Then status 400 ........................................................... passed</system-out>
  </testcase>
  <testcase classname="feature.BadRequestQueries" name="Send invalid request p=pp-UU and l=fr expecting status code 400 (Bad Request)" time="0.071677">
    <system-out>* url domain .............................................................. passed
* path url_path ........................................................... passed
Given params { l: 99, p: uk, q: 'Berlin', n: 1 } .......................... passed
When method get ........................................................... passed
Then status 400 ........................................................... passed
* url domain .............................................................. passed
* path url_path ........................................................... passed
Given params { l: a1, p: it, q: 'Berlin', n: 1 } .......................... passed
When method get ........................................................... passed
Then status 400 ........................................................... passed
* url domain .............................................................. passed
* path url_path ........................................................... passed
Given params { l: ko-k, p: it, q: 'Berlin', n: 1 } ........................ passed
When method get ........................................................... passed
Then status 400 ........................................................... passed
* url domain .............................................................. passed
* path url_path ........................................................... passed
Given params { l: it, p: a1, q: 'Berlin', n: 1 } .......................... passed
When method get ........................................................... passed
Then status 400 ........................................................... passed
* url domain .............................................................. passed
* path url_path ........................................................... passed
Given params { l: it, p: br-123, q: 'Berlin', n: 1 } ...................... passed
When method get ........................................................... passed
Then status 400 ........................................................... passed
* url domain .............................................................. passed
* path url_path ........................................................... passed
Given params { l: it, p: br88, q: 'Berlin', n: 1 } ........................ passed
When method get ........................................................... passed
Then status 400 ........................................................... passed
* url domain .............................................................. passed
* path url_path ........................................................... passed
Given params { l: en, p: 99, q: 'Berlin', n: 1 } .......................... passed
When method get ........................................................... passed
Then status 400 ........................................................... passed
* url domain .............................................................. passed
* path url_path ........................................................... passed
Given params { l: fr, p: pp-UU, q: 'Berlin', n: 1 } ....................... passed
When method get ........................................................... passed
Then status 400 ........................................................... passed</system-out>
  </testcase>
  <testcase classname="feature.BadRequestQueries" name="Send unsuported (but valid) request p=es and l=aa should return 200 OK and no result" time="0.067287">
    <system-out>* url domain .............................................................. passed
* path url_path ........................................................... passed
Given params { l: 99, p: uk, q: 'Berlin', n: 1 } .......................... passed
When method get ........................................................... passed
Then status 400 ........................................................... passed
* url domain .............................................................. passed
* path url_path ........................................................... passed
Given params { l: a1, p: it, q: 'Berlin', n: 1 } .......................... passed
When method get ........................................................... passed
Then status 400 ........................................................... passed
* url domain .............................................................. passed
* path url_path ........................................................... passed
Given params { l: ko-k, p: it, q: 'Berlin', n: 1 } ........................ passed
When method get ........................................................... passed
Then status 400 ........................................................... passed
* url domain .............................................................. passed
* path url_path ........................................................... passed
Given params { l: it, p: a1, q: 'Berlin', n: 1 } .......................... passed
When method get ........................................................... passed
Then status 400 ........................................................... passed
* url domain .............................................................. passed
* path url_path ........................................................... passed
Given params { l: it, p: br-123, q: 'Berlin', n: 1 } ...................... passed
When method get ........................................................... passed
Then status 400 ........................................................... passed
* url domain .............................................................. passed
* path url_path ........................................................... passed
Given params { l: it, p: br88, q: 'Berlin', n: 1 } ........................ passed
When method get ........................................................... passed
Then status 400 ........................................................... passed
* url domain .............................................................. passed
* path url_path ........................................................... passed
Given params { l: en, p: 99, q: 'Berlin', n: 1 } .......................... passed
When method get ........................................................... passed
Then status 400 ........................................................... passed
* url domain .............................................................. passed
* path url_path ........................................................... passed
Given params { l: fr, p: pp-UU, q: 'Berlin', n: 1 } ....................... passed
When method get ........................................................... passed
Then status 400 ........................................................... passed
* url domain .............................................................. passed
* path url_path ........................................................... passed
Given params { l: aa, p: es, q: 'Berlin', n: 1 } .......................... passed
When method get ........................................................... passed
Then status 200 ........................................................... passed</system-out>
  </testcase>
  <testcase classname="feature.BadRequestQueries" name="Send unsuported (but valid) request p=it and l=br-123 should return 200 OK and no result" time="0.072479">
    <system-out>* url domain .............................................................. passed
* path url_path ........................................................... passed
Given params { l: 99, p: uk, q: 'Berlin', n: 1 } .......................... passed
When method get ........................................................... passed
Then status 400 ........................................................... passed
* url domain .............................................................. passed
* path url_path ........................................................... passed
Given params { l: a1, p: it, q: 'Berlin', n: 1 } .......................... passed
When method get ........................................................... passed
Then status 400 ........................................................... passed
* url domain .............................................................. passed
* path url_path ........................................................... passed
Given params { l: ko-k, p: it, q: 'Berlin', n: 1 } ........................ passed
When method get ........................................................... passed
Then status 400 ........................................................... passed
* url domain .............................................................. passed
* path url_path ........................................................... passed
Given params { l: it, p: a1, q: 'Berlin', n: 1 } .......................... passed
When method get ........................................................... passed
Then status 400 ........................................................... passed
* url domain .............................................................. passed
* path url_path ........................................................... passed
Given params { l: it, p: br-123, q: 'Berlin', n: 1 } ...................... passed
When method get ........................................................... passed
Then status 400 ........................................................... passed
* url domain .............................................................. passed
* path url_path ........................................................... passed
Given params { l: it, p: br88, q: 'Berlin', n: 1 } ........................ passed
When method get ........................................................... passed
Then status 400 ........................................................... passed
* url domain .............................................................. passed
* path url_path ........................................................... passed
Given params { l: en, p: 99, q: 'Berlin', n: 1 } .......................... passed
When method get ........................................................... passed
Then status 400 ........................................................... passed
* url domain .............................................................. passed
* path url_path ........................................................... passed
Given params { l: fr, p: pp-UU, q: 'Berlin', n: 1 } ....................... passed
When method get ........................................................... passed
Then status 400 ........................................................... passed
* url domain .............................................................. passed
* path url_path ........................................................... passed
Given params { l: aa, p: es, q: 'Berlin', n: 1 } .......................... passed
When method get ........................................................... passed
Then status 200 ........................................................... passed
* url domain .............................................................. passed
* path url_path ........................................................... passed
Given params { l: br-123, p: it, q: 'Berlin', n: 1 } ...................... passed
When method get ........................................................... passed
Then status 200 ........................................................... passed</system-out>
  </testcase>
</testsuite>
