<testsuite failures="0" name="feature/BugsHappenedInProduction.feature" skipped="0" tests="4" time="2.965753">
  <testcase classname="feature.BugsHappenedInProduction" name="Send q=фотография этого варианта размещения фотография этого варианта размещения фотография  domina st.pete p=ru and l=ru expects status code 200. https://tasks.trivago.com/browse/UP-2142" time="2.600821">
    <system-out>* url domain .............................................................. passed
* path url_path ........................................................... passed
Given params { l: ru, p: ru, q: 'фотография этого варианта размещения фотография этого варианта размещения фотография  domina st.pete', n: 6 } . passed
When method get ........................................................... passed
Then status 200 ........................................................... passed
And match $ contains { "error": {} } ...................................... passed</system-out>
  </testcase>
  <testcase classname="feature.BugsHappenedInProduction" name="Send q=CEZAİ p=uk and l=en-GB expects status code 200. https://tasks.trivago.com/browse/UP-2142" time="0.161937">
    <system-out>* url domain .............................................................. passed
* path url_path ........................................................... passed
Given params { l: ru, p: ru, q: 'фотография этого варианта размещения фотография этого варианта размещения фотография  domina st.pete', n: 6 } . passed
When method get ........................................................... passed
Then status 200 ........................................................... passed
And match $ contains { "error": {} } ...................................... passed
* url domain .............................................................. passed
* path url_path ........................................................... passed
Given params { l: en-GB, p: uk, q: 'CEZAİ', n: 6 } ........................ passed
When method get ........................................................... passed
Then status 200 ........................................................... passed
And match $ contains { "error": {} } ...................................... passed</system-out>
  </testcase>
  <testcase classname="feature.BugsHappenedInProduction" name="Send q=İznik p=tk and l=tr expects status code 200. https://tasks.trivago.com/browse/UP-2142" time="0.09829">
    <system-out>* url domain .............................................................. passed
* path url_path ........................................................... passed
Given params { l: ru, p: ru, q: 'фотография этого варианта размещения фотография этого варианта размещения фотография  domina st.pete', n: 6 } . passed
When method get ........................................................... passed
Then status 200 ........................................................... passed
And match $ contains { "error": {} } ...................................... passed
* url domain .............................................................. passed
* path url_path ........................................................... passed
Given params { l: en-GB, p: uk, q: 'CEZAİ', n: 6 } ........................ passed
When method get ........................................................... passed
Then status 200 ........................................................... passed
And match $ contains { "error": {} } ...................................... passed
* url domain .............................................................. passed
* path url_path ........................................................... passed
Given params { l: tr, p: tk, q: 'İznik', n: 6 } ........................... passed
When method get ........................................................... passed
Then status 200 ........................................................... passed
And match $ contains { "error": {} } ...................................... passed</system-out>
  </testcase>
  <testcase classname="feature.BugsHappenedInProduction" name="Send q=орррртргшлддлрпцывврпррриротьддлллллллллддорррртргшлддлрпцывврпррриротьддлллллллллддджэлолджоооорррр p=ru and l=ru expects status code 200. https://tasks.trivago.com/browse/UP-2142" time="0.104705">
    <system-out>* url domain .............................................................. passed
* path url_path ........................................................... passed
Given params { l: ru, p: ru, q: 'фотография этого варианта размещения фотография этого варианта размещения фотография  domina st.pete', n: 6 } . passed
When method get ........................................................... passed
Then status 200 ........................................................... passed
And match $ contains { "error": {} } ...................................... passed
* url domain .............................................................. passed
* path url_path ........................................................... passed
Given params { l: en-GB, p: uk, q: 'CEZAİ', n: 6 } ........................ passed
When method get ........................................................... passed
Then status 200 ........................................................... passed
And match $ contains { "error": {} } ...................................... passed
* url domain .............................................................. passed
* path url_path ........................................................... passed
Given params { l: tr, p: tk, q: 'İznik', n: 6 } ........................... passed
When method get ........................................................... passed
Then status 200 ........................................................... passed
And match $ contains { "error": {} } ...................................... passed
* url domain .............................................................. passed
* path url_path ........................................................... passed
Given params { l: ru, p: ru, q: 'орррртргшлддлрпцывврпррриротьддлллллллллддорррртргшлддлрпцывврпррриротьддлллллллллддджэлолджоооорррр', n: 6 } . passed
When method get ........................................................... passed
Then status 200 ........................................................... passed
And match $ contains { "error": {} } ...................................... passed</system-out>
  </testcase>
</testsuite>
